Arguments: 
  C:\Program Files\nodejs\node.exe C:\Program Files (x86)\Yarn\bin\yarn.js add @babel/cli

PATH: 
  C:\Program Files (x86)\Common Files\Oracle\Java\javapath;C:\orant\bin;C:\app\client\mrsantos\product\12.1.0\client_1\bin;C:\app\mrsantos\product\12.1.0\client_1;C:\ProgramData\Oracle\Java\javapath;C:\WINDOWS\system32;C:\WINDOWS;C:\WINDOWS\System32\Wbem;C:\WINDOWS\System32\WindowsPowerShell\v1.0\;C:\Program Files\TortoiseSVN\bin;C:\orant\jdk\bin;C:\Program Files\nodejs\;C:\Program Files\Git\cmd;C:\Program Files (x86)\Brackets\command;C:\Program Files\Microsoft VS Code\bin;C:\Program Files (x86)\Yarn\bin\;C:\Users\mrsantos\AppData\Local\Microsoft\WindowsApps;C:\Users\mrsantos\AppData\Roaming\npm;C:\Users\mrsantos\AppData\Local\Yarn\bin

Yarn version: 
  1.9.2

Node version: 
  8.11.2

Platform: 
  win32 x64

Trace: 
  Error: http://registry.yarnpkg.com/@babel%2fcli: SSL Error: undefined
      at Request.module.exports.Request.onRequestResponse (C:\Program Files (x86)\Yarn\lib\cli.js:138179:24)
      at emitOne (events.js:116:13)
      at ClientRequest.emit (events.js:211:7)
      at HTTPParser.parserOnIncomingClient [as onIncoming] (_http_client.js:543:21)
      at HTTPParser.parserOnHeadersComplete (_http_common.js:112:17)
      at Socket.socketOnData (_http_client.js:440:20)
      at emitOne (events.js:116:13)
      at Socket.emit (events.js:211:7)
      at addChunk (_stream_readable.js:263:12)
      at readableAddChunk (_stream_readable.js:250:11)

npm manifest: 
  {
    "name": "JS",
    "version": "1.0.0",
    "main": "index.js",
    "license": "MIT"
  }

yarn manifest: 
  No manifest

Lockfile: 
  No lockfile
